0 info it worked if it ends with ok
1 verbose cli [ 'C:\\Program Files\\nodejs\\node.exe',
1 verbose cli   'C:\\Users\\william\\AppData\\Roaming\\npm\\node_modules\\npm\\bin\\npm-cli.js',
1 verbose cli   'start' ]
2 info using npm@4.0.2
3 info using node@v9.3.0
4 verbose run-script [ 'prestart', 'start', 'poststart' ]
5 info lifecycle redux-prelim@0.1.0~prestart: redux-prelim@0.1.0
6 silly lifecycle redux-prelim@0.1.0~prestart: no script for prestart, continuing
7 info lifecycle redux-prelim@0.1.0~start: redux-prelim@0.1.0
8 verbose lifecycle redux-prelim@0.1.0~start: unsafe-perm in lifecycle true
9 verbose lifecycle redux-prelim@0.1.0~start: PATH: C:\Users\william\AppData\Roaming\npm\node_modules\npm\bin\node-gyp-bin;C:\Users\william\Desktop\redux-learning\node_modules\.bin;C:\Users\william\bin;C:\Program Files\Git\mingw64\bin;C:\Program Files\Git\usr\local\bin;C:\Program Files\Git\usr\bin;C:\Program Files\Git\usr\bin;C:\Program Files\Git\mingw64\bin;C:\Program Files\Git\usr\bin;C:\Users\william\bin;C:\Python36-32\Scripts;C:\Python36-32;C:\Windows\system32;C:\Windows;C:\Windows\System32\Wbem;C:\Windows\System32\WindowsPowerShell\v1.0;C:\Program Files\MySQL\MySQL Utilities 1.6;C:\Program Files\erl8.0\bin;C:\Program Files (x86)\Heroku\bin;C:\Program Files (x86)\git\cmd;C:\ProgramData\chocolatey\bin;C:\Program Files\Java\jdk1.8.0_112\bin;C:\Program Files\dotnet;C:\Program Files (x86)\GtkSharp\2.12\bin;C:\Program Files\Git\cmd;C:\Program Files\nodejs;C:\Program Files (x86)\Elixir\bin;C:\Windows\system32\config\systemprofile\.mix\escripts;C:\Go\bin;C:\HashiCorp\Vagrant\bin;C:\MAMP\bin\php\php7.1.5;C:\ProgramData\ComposerSetup\bin;C:\Program Files\Microsoft SQL Server\130\Tools\Binn;C:\RailsInstaller\Git\cmd;C:\RailsInstaller\Ruby2.3.0\bin;C:\Ruby23\bin;C:\Users\william\AppData\Local\Android\android-sdk\tools;C:\Users\william\AppData\Local\Android\android-sdk\platform-tools;C:\Program Files (x86)\Microsoft VS Code\bin;C:\Users\william\AppData\Roaming\npm;C:\Python27;C:\Users\william\AppData\Roaming\Composer\vendor\bin;C:\Program Files\Git\usr\bin\vendor_perl;C:\Program Files\Git\usr\bin\core_perl
10 verbose lifecycle redux-prelim@0.1.0~start: CWD: C:\Users\william\Desktop\redux-learning
11 silly lifecycle redux-prelim@0.1.0~start: Args: [ '/d /s /c', 'react-scripts start' ]
12 silly lifecycle redux-prelim@0.1.0~start: Returned: code: 1  signal: null
13 info lifecycle redux-prelim@0.1.0~start: Failed to exec start script
14 verbose stack Error: redux-prelim@0.1.0 start: `react-scripts start`
14 verbose stack Exit status 1
14 verbose stack     at EventEmitter.<anonymous> (C:\Users\william\AppData\Roaming\npm\node_modules\npm\lib\utils\lifecycle.js:279:16)
14 verbose stack     at EventEmitter.emit (events.js:159:13)
14 verbose stack     at ChildProcess.<anonymous> (C:\Users\william\AppData\Roaming\npm\node_modules\npm\lib\utils\spawn.js:40:14)
14 verbose stack     at ChildProcess.emit (events.js:159:13)
14 verbose stack     at maybeClose (internal/child_process.js:943:16)
14 verbose stack     at Process.ChildProcess._handle.onexit (internal/child_process.js:220:5)
15 verbose pkgid redux-prelim@0.1.0
16 verbose cwd C:\Users\william\Desktop\redux-learning
17 error Windows_NT 6.1.7601
18 error argv "C:\\Program Files\\nodejs\\node.exe" "C:\\Users\\william\\AppData\\Roaming\\npm\\node_modules\\npm\\bin\\npm-cli.js" "start"
19 error node v9.3.0
20 error npm  v4.0.2
21 error code ELIFECYCLE
22 error redux-prelim@0.1.0 start: `react-scripts start`
22 error Exit status 1
23 error Failed at the redux-prelim@0.1.0 start script 'react-scripts start'.
23 error Make sure you have the latest version of node.js and npm installed.
23 error If you do, this is most likely a problem with the redux-prelim package,
23 error not with npm itself.
23 error Tell the author that this fails on your system:
23 error     react-scripts start
23 error You can get information on how to open an issue for this project with:
23 error     npm bugs redux-prelim
23 error Or if that isn't available, you can get their info via:
23 error     npm owner ls redux-prelim
23 error There is likely additional logging output above.
24 verbose exit [ 1, true ]
